<?xml version="1.0" encoding="UTF-8"?>
<coverage generated="1705859690001" clover="3.2.0">
  <project timestamp="1705859690001" name="All files">
    <metrics statements="25" coveredstatements="25" conditionals="0" coveredconditionals="0" methods="14" coveredmethods="14" elements="39" coveredelements="39" complexity="0" loc="25" ncloc="25" packages="1" files="4" classes="4"/>
    <file name="Employee.js" path="C:\Users\Sam-Wisdoms Amenyenu\profile-generator\lib\Employee.js">
      <metrics statements="7" coveredstatements="7" conditionals="0" coveredconditionals="0" methods="5" coveredmethods="5"/>
      <line num="8" count="21" type="stmt"/>
      <line num="13" count="1" type="stmt"/>
      <line num="16" count="1" type="stmt"/>
      <line num="19" count="1" type="stmt"/>
      <line num="22" count="1" type="stmt"/>
      <line num="27" count="4" type="stmt"/>
      <line num="29" count="4" type="stmt"/>
    </file>
    <file name="Engineer.js" path="C:\Users\Sam-Wisdoms Amenyenu\profile-generator\lib\Engineer.js">
      <metrics statements="6" coveredstatements="6" conditionals="0" coveredconditionals="0" methods="3" coveredmethods="3"/>
      <line num="1" count="1" type="stmt"/>
      <line num="5" count="3" type="stmt"/>
      <line num="6" count="3" type="stmt"/>
      <line num="9" count="1" type="stmt"/>
      <line num="12" count="1" type="stmt"/>
      <line num="16" count="1" type="stmt"/>
    </file>
    <file name="Intern.js" path="C:\Users\Sam-Wisdoms Amenyenu\profile-generator\lib\Intern.js">
      <metrics statements="6" coveredstatements="6" conditionals="0" coveredconditionals="0" methods="3" coveredmethods="3"/>
      <line num="2" count="1" type="stmt"/>
      <line num="6" count="3" type="stmt"/>
      <line num="7" count="3" type="stmt"/>
      <line num="10" count="1" type="stmt"/>
      <line num="13" count="1" type="stmt"/>
      <line num="17" count="1" type="stmt"/>
    </file>
    <file name="Manager.js" path="C:\Users\Sam-Wisdoms Amenyenu\profile-generator\lib\Manager.js">
      <metrics statements="6" coveredstatements="6" conditionals="0" coveredconditionals="0" methods="3" coveredmethods="3"/>
      <line num="2" count="1" type="stmt"/>
      <line num="6" count="3" type="stmt"/>
      <line num="7" count="3" type="stmt"/>
      <line num="10" count="1" type="stmt"/>
      <line num="13" count="1" type="stmt"/>
      <line num="17" count="1" type="stmt"/>
    </file>
  </project>
</coverage>
