{"C:\\Users\\Sam-Wisdoms Amenyenu\\profile-generator\\lib\\Employee.js": {"path":"C:\\Users\\Sam-Wisdoms Amenyenu\\profile-generator\\lib\\Employee.js","statementMap":{"0":{"start":{"line":8,"column":8},"end":{"line":10,"column":26}},"1":{"start":{"line":13,"column":8},"end":{"line":13,"column":24}},"2":{"start":{"line":16,"column":8},"end":{"line":16,"column":22}},"3":{"start":{"line":19,"column":7},"end":{"line":19,"column":24}},"4":{"start":{"line":22,"column":8},"end":{"line":22,"column":25}},"5":{"start":{"line":27,"column":0},"end":{"line":27,"column":26}},"6":{"start":{"line":29,"column":18},"end":{"line":29,"column":56}}},"fnMap":{"0":{"name":"(anonymous_0)","decl":{"start":{"line":7,"column":4},"end":{"line":7,"column":5}},"loc":{"start":{"line":7,"column":32},"end":{"line":11,"column":5}},"line":7},"1":{"name":"(anonymous_1)","decl":{"start":{"line":12,"column":4},"end":{"line":12,"column":5}},"loc":{"start":{"line":12,"column":13},"end":{"line":14,"column":5}},"line":12},"2":{"name":"(anonymous_2)","decl":{"start":{"line":15,"column":4},"end":{"line":15,"column":5}},"loc":{"start":{"line":15,"column":11},"end":{"line":17,"column":5}},"line":15},"3":{"name":"(anonymous_3)","decl":{"start":{"line":18,"column":4},"end":{"line":18,"column":5}},"loc":{"start":{"line":18,"column":14},"end":{"line":20,"column":5}},"line":18},"4":{"name":"(anonymous_4)","decl":{"start":{"line":21,"column":4},"end":{"line":21,"column":5}},"loc":{"start":{"line":21,"column":13},"end":{"line":23,"column":5}},"line":21}},"branchMap":{},"s":{"0":21,"1":1,"2":1,"3":1,"4":1,"5":4,"6":4},"f":{"0":21,"1":1,"2":1,"3":1,"4":1},"b":{},"_coverageSchema":"1a1c01bbd47fc00a2c39e90264f33305004495a9","hash":"55fb0060931473f231bd4d55575b828b32915bae"}
,"C:\\Users\\Sam-Wisdoms Amenyenu\\profile-generator\\lib\\Engineer.js": {"path":"C:\\Users\\Sam-Wisdoms Amenyenu\\profile-generator\\lib\\Engineer.js","statementMap":{"0":{"start":{"line":1,"column":17},"end":{"line":1,"column":38}},"1":{"start":{"line":5,"column":8},"end":{"line":5,"column":30}},"2":{"start":{"line":6,"column":8},"end":{"line":6,"column":28}},"3":{"start":{"line":9,"column":8},"end":{"line":9,"column":27}},"4":{"start":{"line":12,"column":8},"end":{"line":12,"column":25}},"5":{"start":{"line":16,"column":0},"end":{"line":16,"column":25}}},"fnMap":{"0":{"name":"(anonymous_0)","decl":{"start":{"line":4,"column":4},"end":{"line":4,"column":5}},"loc":{"start":{"line":4,"column":40},"end":{"line":7,"column":5}},"line":4},"1":{"name":"(anonymous_1)","decl":{"start":{"line":8,"column":4},"end":{"line":8,"column":5}},"loc":{"start":{"line":8,"column":15},"end":{"line":10,"column":5}},"line":8},"2":{"name":"(anonymous_2)","decl":{"start":{"line":11,"column":4},"end":{"line":11,"column":5}},"loc":{"start":{"line":11,"column":13},"end":{"line":13,"column":5}},"line":11}},"branchMap":{},"s":{"0":1,"1":3,"2":3,"3":1,"4":1,"5":1},"f":{"0":3,"1":1,"2":1},"b":{},"_coverageSchema":"1a1c01bbd47fc00a2c39e90264f33305004495a9","hash":"66bb411e561eb73cca2d0b5427835d323b21d014"}
,"C:\\Users\\Sam-Wisdoms Amenyenu\\profile-generator\\lib\\Intern.js": {"path":"C:\\Users\\Sam-Wisdoms Amenyenu\\profile-generator\\lib\\Intern.js","statementMap":{"0":{"start":{"line":2,"column":17},"end":{"line":2,"column":38}},"1":{"start":{"line":6,"column":8},"end":{"line":6,"column":30}},"2":{"start":{"line":7,"column":8},"end":{"line":7,"column":28}},"3":{"start":{"line":10,"column":8},"end":{"line":10,"column":26}},"4":{"start":{"line":13,"column":8},"end":{"line":13,"column":23}},"5":{"start":{"line":17,"column":0},"end":{"line":17,"column":23}}},"fnMap":{"0":{"name":"(anonymous_0)","decl":{"start":{"line":5,"column":4},"end":{"line":5,"column":5}},"loc":{"start":{"line":5,"column":40},"end":{"line":8,"column":5}},"line":5},"1":{"name":"(anonymous_1)","decl":{"start":{"line":9,"column":4},"end":{"line":9,"column":5}},"loc":{"start":{"line":9,"column":15},"end":{"line":11,"column":5}},"line":9},"2":{"name":"(anonymous_2)","decl":{"start":{"line":12,"column":4},"end":{"line":12,"column":5}},"loc":{"start":{"line":12,"column":13},"end":{"line":14,"column":5}},"line":12}},"branchMap":{},"s":{"0":1,"1":3,"2":3,"3":1,"4":1,"5":1},"f":{"0":3,"1":1,"2":1},"b":{},"_coverageSchema":"1a1c01bbd47fc00a2c39e90264f33305004495a9","hash":"51e9fff6314440e7bdb5b6d4692602987c1826a0"}
,"C:\\Users\\Sam-Wisdoms Amenyenu\\profile-generator\\lib\\Manager.js": {"path":"C:\\Users\\Sam-Wisdoms Amenyenu\\profile-generator\\lib\\Manager.js","statementMap":{"0":{"start":{"line":2,"column":17},"end":{"line":2,"column":38}},"1":{"start":{"line":6,"column":8},"end":{"line":6,"column":30}},"2":{"start":{"line":7,"column":8},"end":{"line":7,"column":40}},"3":{"start":{"line":10,"column":8},"end":{"line":10,"column":32}},"4":{"start":{"line":13,"column":8},"end":{"line":13,"column":24}},"5":{"start":{"line":17,"column":0},"end":{"line":17,"column":24}}},"fnMap":{"0":{"name":"(anonymous_0)","decl":{"start":{"line":5,"column":4},"end":{"line":5,"column":5}},"loc":{"start":{"line":5,"column":46},"end":{"line":8,"column":5}},"line":5},"1":{"name":"(anonymous_1)","decl":{"start":{"line":9,"column":4},"end":{"line":9,"column":5}},"loc":{"start":{"line":9,"column":21},"end":{"line":11,"column":5}},"line":9},"2":{"name":"(anonymous_2)","decl":{"start":{"line":12,"column":4},"end":{"line":12,"column":5}},"loc":{"start":{"line":12,"column":13},"end":{"line":14,"column":5}},"line":12}},"branchMap":{},"s":{"0":1,"1":3,"2":3,"3":1,"4":1,"5":1},"f":{"0":3,"1":1,"2":1},"b":{},"_coverageSchema":"1a1c01bbd47fc00a2c39e90264f33305004495a9","hash":"167eea2f950dbdbcc8cb0e2e73fd16388eb8407c"}
}
